<?xml version="1.0" encoding="UTF-8"?>
<!-- Generated by org.testng.reporters.JUnitReportReporter -->
<testsuite hostname="Divis" name="com.tirebuyer.tests.CheckoutTest" tests="1" failures="0" timestamp="15 Aug 2016 02:05:38 GMT" time="85.592" errors="0">
  <testcase name="checkOutTest" time="85.592" classname="com.tirebuyer.tests.CheckoutTest"/>
</testsuite> <!-- com.tirebuyer.tests.CheckoutTest -->
