<?xml version="1.0" encoding="UTF-8"?>
<!-- Generated by org.testng.reporters.JUnitReportReporter -->
<testsuite hostname="Divis" name="com.tirebuyer.tests.CheckoutTest" tests="1" failures="0" timestamp="15 Aug 2016 21:01:21 GMT" time="93.794" errors="0">
  <testcase name="checkOutTest" time="93.794" classname="com.tirebuyer.tests.CheckoutTest"/>
</testsuite> <!-- com.tirebuyer.tests.CheckoutTest -->
