<?xml version="1.0" encoding="UTF-8"?>
<!-- Generated by org.testng.reporters.JUnitReportReporter -->
<testsuite hostname="Divis" name="com.tirebuyer.tests.CheckoutTest" tests="1" failures="0" timestamp="15 Aug 2016 02:00:20 GMT" time="64.699" errors="0">
  <testcase name="checkOutTest" time="64.699" classname="com.tirebuyer.tests.CheckoutTest"/>
</testsuite> <!-- com.tirebuyer.tests.CheckoutTest -->
